2026-01-29 10:42:17,062 - pyrogram.connection.connection - INFO - Connecting...
2026-01-29 10:42:17,141 - pyrogram.connection.connection - INFO - Connected! Production DC4 - IPv4
2026-01-29 10:42:17,143 - pyrogram.session.session - INFO - NetworkTask started
2026-01-29 10:42:17,516 - pyrogram.session.session - INFO - Session initialized: Layer 158
2026-01-29 10:42:17,516 - pyrogram.session.session - INFO - Device: CPython 3.12.10 - Pyrogram 2.0.106
2026-01-29 10:42:17,517 - pyrogram.session.session - INFO - System: Windows 11 (en)
2026-01-29 10:42:17,517 - pyrogram.session.session - INFO - Session started
2026-01-29 10:42:17,519 - pyrogram.session.session - INFO - PingTask started
2026-01-29 10:42:17,715 - pyrogram.dispatcher - INFO - Started 16 HandlerTasks
2026-01-29 10:43:05,176 - jd_client - INFO - 🔌 Connecting to My.JDownloader...
2026-01-29 10:43:09,876 - jd_client - INFO - ✅ Connected to device: JDownloader@omer
2026-01-29 10:43:10,409 - jd_client - INFO - 🧹 LinkGrabber cleared
2026-01-29 10:43:10,410 - jd_client - INFO - 📥 Adding to LinkGrabber: https://xgroovy.com/gifs/336165/bbc-monster-cock-d... (Deep: True)
2026-01-29 10:43:10,428 - jd_client - INFO - ✅ Link added to LinkGrabber
2026-01-29 10:47:23,957 - pyrogram.connection.connection - INFO - Connecting...
2026-01-29 10:47:24,134 - pyrogram.connection.connection - INFO - Connected! Production DC4 - IPv4
2026-01-29 10:47:24,135 - pyrogram.session.session - INFO - NetworkTask started
2026-01-29 10:47:24,658 - pyrogram.session.session - INFO - Session initialized: Layer 158
2026-01-29 10:47:24,659 - pyrogram.session.session - INFO - Device: CPython 3.12.10 - Pyrogram 2.0.106
2026-01-29 10:47:24,660 - pyrogram.session.session - INFO - System: Windows 11 (en)
2026-01-29 10:47:24,660 - pyrogram.session.session - INFO - Session started
2026-01-29 10:47:24,665 - pyrogram.session.session - INFO - PingTask started
2026-01-29 10:47:24,885 - pyrogram.dispatcher - INFO - Started 16 HandlerTasks
2026-01-29 10:48:51,539 - pyrogram.connection.connection - INFO - Connecting...
2026-01-29 10:48:51,687 - pyrogram.connection.connection - INFO - Connected! Production DC4 - IPv4
2026-01-29 10:48:51,689 - pyrogram.session.session - INFO - NetworkTask started
2026-01-29 10:48:52,207 - pyrogram.session.session - INFO - Session initialized: Layer 158
2026-01-29 10:48:52,208 - pyrogram.session.session - INFO - Device: CPython 3.12.10 - Pyrogram 2.0.106
2026-01-29 10:48:52,208 - pyrogram.session.session - INFO - System: Windows 11 (en)
2026-01-29 10:48:52,208 - pyrogram.session.session - INFO - Session started
2026-01-29 10:48:52,210 - pyrogram.session.session - INFO - PingTask started
2026-01-29 10:48:52,525 - pyrogram.dispatcher - INFO - Started 16 HandlerTasks
2026-01-29 10:49:12,236 - jd_client - INFO - 🔌 Connecting to My.JDownloader...
2026-01-29 10:49:17,608 - jd_client - INFO - ✅ Connected to device: JDownloader@omer
2026-01-29 10:49:18,114 - jd_client - INFO - 🧹 LinkGrabber cleared
2026-01-29 10:49:18,116 - jd_client - INFO - 📥 Adding to LinkGrabber: https://xgroovy.com/gifs/336165/bbc-monster-cock-d... (Deep: True)
2026-01-29 10:49:18,133 - jd_client - INFO - ✅ Link added to LinkGrabber
2026-01-29 10:49:50,158 - jd_client - ERROR - ❌ Action failed: 'Linkgrabber' object has no attribute 'abort'
2026-01-29 10:51:54,375 - pyrogram.connection.connection - INFO - Connecting...
2026-01-29 10:51:54,467 - pyrogram.connection.connection - INFO - Connected! Production DC4 - IPv4
2026-01-29 10:51:54,471 - pyrogram.session.session - INFO - NetworkTask started
2026-01-29 10:51:54,881 - pyrogram.session.session - INFO - Session initialized: Layer 158
2026-01-29 10:51:54,881 - pyrogram.session.session - INFO - Device: CPython 3.12.10 - Pyrogram 2.0.106
2026-01-29 10:51:54,881 - pyrogram.session.session - INFO - System: Windows 11 (en)
2026-01-29 10:51:54,882 - pyrogram.session.session - INFO - Session started
2026-01-29 10:51:54,888 - pyrogram.session.session - INFO - PingTask started
2026-01-29 10:51:55,106 - pyrogram.dispatcher - INFO - Started 16 HandlerTasks
2026-01-29 10:52:05,330 - jd_client - INFO - 🔌 Connecting to My.JDownloader...
2026-01-29 10:52:10,010 - jd_client - INFO - ✅ Connected to device: JDownloader@omer
2026-01-29 10:52:10,502 - jd_client - INFO - 🧹 LinkGrabber cleared
2026-01-29 10:52:10,504 - jd_client - INFO - 📥 Adding to LinkGrabber: https://xgroovy.com/gifs/336165/bbc-monster-cock-d... (Deep: True)
2026-01-29 10:52:10,516 - jd_client - INFO - ✅ Link added to LinkGrabber
2026-01-29 10:52:41,067 - jd_client - ERROR - ❌ Action failed: 'Linkgrabber' object has no attribute 'abort'
2026-01-29 10:52:50,495 - jd_client - INFO - 🧹 LinkGrabber cleared
2026-01-29 10:54:52,135 - jd_client - INFO - 🧹 LinkGrabber cleared
2026-01-29 10:54:52,135 - jd_client - INFO - 📥 Adding to LinkGrabber: https://xgroovy.com/gifs/336165/bbc-monster-cock-d... (Deep: True)
2026-01-29 10:54:52,185 - jd_client - INFO - ✅ Link added to LinkGrabber
2026-01-29 10:55:26,615 - jd_client - ERROR - ❌ Action failed: 'Linkgrabber' object has no attribute 'abort'
2026-01-29 10:56:20,860 - jd_client - INFO - ✅ Moved links to Downloads
2026-01-29 10:56:20,870 - jd_client - INFO - ▶️ Downloads started
2026-01-29 10:56:20,885 - jd_client - INFO - 🧹 LinkGrabber cleared
2026-01-29 10:56:30,994 - pyrogram.session.session - INFO - NetworkTask stopped
2026-01-29 10:56:30,994 - pyrogram.session.session - INFO - PingTask stopped
2026-01-29 10:56:30,994 - pyrogram.connection.connection - INFO - Disconnected
2026-01-29 10:56:30,995 - pyrogram.session.session - INFO - Session stopped
2026-01-29 10:56:30,995 - pyrogram.connection.connection - INFO - Connecting...
2026-01-29 10:56:31,346 - pyrogram.connection.connection - INFO - Connected! Production DC4 - IPv4
2026-01-29 10:56:31,346 - pyrogram.session.session - INFO - NetworkTask started
2026-01-29 10:56:32,849 - pyrogram.session.session - INFO - Session initialized: Layer 158
2026-01-29 10:56:32,851 - pyrogram.session.session - INFO - Device: CPython 3.12.10 - Pyrogram 2.0.106
2026-01-29 10:56:32,851 - pyrogram.session.session - INFO - System: Windows 11 (en)
2026-01-29 10:56:32,851 - pyrogram.session.session - INFO - Session started
2026-01-29 10:56:32,851 - pyrogram.session.session - INFO - PingTask started
2026-01-29 10:58:10,762 - utils - INFO - ✅ curious teen girls coco and mazy had a threesome with their stepbro.mp4 already streaming-compatible, skipping conversion
2026-01-29 10:58:11,006 - pyrogram.connection.connection - INFO - Connecting...
2026-01-29 10:58:17,118 - pyrogram.connection.connection - INFO - Connected! Production DC4 (media) - IPv4
2026-01-29 10:58:17,120 - pyrogram.session.session - INFO - NetworkTask started
2026-01-29 10:58:19,126 - pyrogram.session.session - INFO - NetworkTask stopped
2026-01-29 10:58:19,126 - pyrogram.connection.connection - INFO - Disconnected
2026-01-29 10:58:19,128 - pyrogram.session.session - INFO - Session stopped
2026-01-29 10:58:19,128 - pyrogram.connection.connection - INFO - Connecting...
2026-01-29 10:58:25,991 - utils - INFO - ✅ busty girl masturbates in airplane.mp4 already streaming-compatible, skipping conversion
2026-01-29 10:58:29,142 - pyrogram.connection.connection - WARNING - Unable to connect due to network issues: Connection timed out
2026-01-29 10:58:30,157 - pyrogram.connection.connection - INFO - Connecting...
2026-01-29 10:58:30,539 - pyrogram.connection.connection - INFO - Connected! Production DC4 (media) - IPv4
2026-01-29 10:58:30,541 - pyrogram.session.session - INFO - NetworkTask started
2026-01-29 10:58:32,552 - pyrogram.session.session - INFO - NetworkTask stopped
2026-01-29 10:58:32,552 - pyrogram.connection.connection - INFO - Disconnected
2026-01-29 10:58:32,552 - pyrogram.session.session - INFO - Session stopped
2026-01-29 10:58:32,552 - pyrogram.connection.connection - INFO - Connecting...
2026-01-29 10:58:37,029 - pyrogram.connection.connection - INFO - Connected! Production DC4 (media) - IPv4
2026-01-29 10:58:37,030 - pyrogram.session.session - INFO - NetworkTask started
2026-01-29 10:58:39,044 - pyrogram.session.session - INFO - NetworkTask stopped
2026-01-29 10:58:39,045 - pyrogram.connection.connection - INFO - Disconnected
2026-01-29 10:58:39,045 - pyrogram.session.session - INFO - Session stopped
2026-01-29 10:58:39,045 - pyrogram.connection.connection - INFO - Connecting...
2026-01-29 10:58:39,209 - pyrogram.connection.connection - INFO - Connected! Production DC4 (media) - IPv4
2026-01-29 10:58:39,210 - pyrogram.session.session - INFO - NetworkTask started
2026-01-29 10:58:40,351 - pyrogram.session.session - INFO - Session initialized: Layer 158
2026-01-29 10:58:40,352 - pyrogram.session.session - INFO - Device: CPython 3.12.10 - Pyrogram 2.0.106
2026-01-29 10:58:40,353 - pyrogram.session.session - INFO - System: Windows 11 (en)
2026-01-29 10:58:40,353 - pyrogram.session.session - INFO - Session started
2026-01-29 10:58:40,354 - pyrogram.session.session - INFO - PingTask started
2026-01-29 10:58:40,573 - pyrogram.session.session - INFO - PingTask stopped
2026-01-29 10:58:40,573 - pyrogram.session.session - INFO - NetworkTask stopped
2026-01-29 10:58:40,574 - pyrogram.connection.connection - INFO - Disconnected
2026-01-29 10:58:40,574 - pyrogram.session.session - INFO - Session stopped
2026-01-29 10:58:40,585 - pyrogram.connection.connection - INFO - Connecting...
2026-01-29 10:58:40,767 - pyrogram.connection.connection - INFO - Connected! Production DC4 (media) - IPv4
2026-01-29 10:58:40,767 - pyrogram.session.session - INFO - NetworkTask started
2026-01-29 10:58:41,248 - utils - INFO - ✅ forest blowjob on an old fallen tree by a shy teenage girl.mp4 already streaming-compatible, skipping conversion
2026-01-29 10:58:41,612 - pyrogram.session.session - INFO - Session initialized: Layer 158
2026-01-29 10:58:41,612 - pyrogram.session.session - INFO - Device: CPython 3.12.10 - Pyrogram 2.0.106
2026-01-29 10:58:41,614 - pyrogram.session.session - INFO - System: Windows 11 (en)
2026-01-29 10:58:41,614 - pyrogram.session.session - INFO - Session started
2026-01-29 10:58:41,614 - pyrogram.session.session - INFO - PingTask started
2026-01-29 10:58:41,714 - pyrogram.session.session - INFO - PingTask stopped
2026-01-29 10:58:41,714 - pyrogram.session.session - INFO - NetworkTask stopped
2026-01-29 10:58:41,715 - pyrogram.connection.connection - INFO - Disconnected
2026-01-29 10:58:41,715 - pyrogram.session.session - INFO - Session stopped
2026-01-29 10:58:41,723 - pyrogram.connection.connection - INFO - Connecting...
2026-01-29 10:58:41,840 - pyrogram.connection.connection - INFO - Connected! Production DC4 (media) - IPv4
2026-01-29 10:58:41,840 - pyrogram.session.session - INFO - NetworkTask started
2026-01-29 10:58:42,965 - pyrogram.session.session - INFO - Session initialized: Layer 158
2026-01-29 10:58:42,965 - pyrogram.session.session - INFO - Device: CPython 3.12.10 - Pyrogram 2.0.106
2026-01-29 10:58:42,965 - pyrogram.session.session - INFO - System: Windows 11 (en)
2026-01-29 10:58:42,965 - pyrogram.session.session - INFO - Session started
2026-01-29 10:58:42,968 - pyrogram.session.session - INFO - PingTask started
2026-01-29 10:59:08,536 - utils - INFO - ✅ a passionate beauty with a big ass enjoys the hard cock of her lustful masseur.mp4 already streaming-compatible, skipping conversion
2026-01-29 10:59:12,193 - pyrogram.session.session - INFO - PingTask stopped
2026-01-29 10:59:12,198 - pyrogram.session.session - INFO - NetworkTask stopped
2026-01-29 10:59:12,204 - pyrogram.connection.connection - INFO - Disconnected
2026-01-29 10:59:12,207 - pyrogram.session.session - INFO - Session stopped
2026-01-29 10:59:12,261 - pyrogram.connection.connection - INFO - Connecting...
2026-01-29 10:59:12,580 - __main__ - INFO - Uploaded: curious teen girls coco and mazy had a threesome with their stepbro.mp4
2026-01-29 10:59:12,629 - __main__ - INFO - 🗑️ Deleted original file: C:\Users\omer\Downloads\JDownloader\curious teen girls coco and mazy had a threesome with their stepbro.mp4
2026-01-29 10:59:12,670 - jd_client - INFO - 🗑️ Removed 1 links from JDownloader
2026-01-29 10:59:12,679 - __main__ - INFO - 🗑️ Removed link 1769676947343 from JD
2026-01-29 10:59:13,878 - pyrogram.connection.connection - INFO - Connected! Production DC4 (media) - IPv4
2026-01-29 10:59:13,885 - pyrogram.session.session - INFO - NetworkTask started
2026-01-29 10:59:14,255 - pyrogram.session.session - INFO - Session initialized: Layer 158
2026-01-29 10:59:14,256 - pyrogram.session.session - INFO - Device: CPython 3.12.10 - Pyrogram 2.0.106
2026-01-29 10:59:14,256 - pyrogram.session.session - INFO - System: Windows 11 (en)
2026-01-29 10:59:14,256 - pyrogram.session.session - INFO - Session started
2026-01-29 10:59:14,257 - pyrogram.session.session - INFO - PingTask started
2026-01-29 10:59:14,480 - pyrogram.session.session - INFO - PingTask stopped
2026-01-29 10:59:14,481 - pyrogram.session.session - INFO - NetworkTask stopped
2026-01-29 10:59:14,482 - pyrogram.connection.connection - INFO - Disconnected
2026-01-29 10:59:14,482 - pyrogram.session.session - INFO - Session stopped
2026-01-29 10:59:14,501 - pyrogram.connection.connection - INFO - Connecting...
2026-01-29 10:59:14,582 - pyrogram.connection.connection - INFO - Connected! Production DC4 (media) - IPv4
2026-01-29 10:59:14,583 - pyrogram.session.session - INFO - NetworkTask started
2026-01-29 10:59:14,675 - utils - INFO - ✅ cuckold s kitchen surprise blonde milf s wild ride.mp4 already streaming-compatible, skipping conversion
2026-01-29 10:59:15,394 - pyrogram.session.session - INFO - Session initialized: Layer 158
2026-01-29 10:59:15,400 - pyrogram.session.session - INFO - Device: CPython 3.12.10 - Pyrogram 2.0.106
2026-01-29 10:59:15,400 - pyrogram.session.session - INFO - System: Windows 11 (en)
2026-01-29 10:59:15,401 - pyrogram.session.session - INFO - Session started
2026-01-29 10:59:15,402 - pyrogram.session.session - INFO - PingTask started
2026-01-29 10:59:50,926 - pyrogram.session.session - INFO - PingTask stopped
2026-01-29 10:59:50,927 - pyrogram.connection.transport.tcp.tcp - INFO - Send exception: ConnectionResetError Connection lost
2026-01-29 10:59:50,928 - pyrogram.session.session - INFO - NetworkTask stopped
2026-01-29 10:59:50,928 - pyrogram.connection.connection - INFO - Disconnected
2026-01-29 10:59:50,928 - pyrogram.session.session - INFO - Session stopped
2026-01-29 10:59:50,935 - pyrogram.connection.connection - INFO - Connecting...
2026-01-29 10:59:51,011 - pyrogram.connection.connection - INFO - Connected! Production DC4 (media) - IPv4
2026-01-29 10:59:51,013 - pyrogram.session.session - INFO - NetworkTask started
2026-01-29 10:59:51,087 - __main__ - INFO - Uploaded: busty girl masturbates in airplane.mp4
2026-01-29 10:59:51,111 - __main__ - INFO - 🗑️ Deleted original file: C:\Users\omer\Downloads\JDownloader\busty girl masturbates in airplane.mp4
2026-01-29 10:59:51,121 - jd_client - INFO - 🗑️ Removed 1 links from JDownloader
2026-01-29 10:59:51,121 - __main__ - INFO - 🗑️ Removed link 1769676952453 from JD
2026-01-29 10:59:51,390 - pyrogram.session.session - INFO - Session initialized: Layer 158
2026-01-29 10:59:51,391 - pyrogram.session.session - INFO - Device: CPython 3.12.10 - Pyrogram 2.0.106
2026-01-29 10:59:51,392 - pyrogram.session.session - INFO - System: Windows 11 (en)
2026-01-29 10:59:51,392 - pyrogram.session.session - INFO - Session started
2026-01-29 10:59:51,393 - pyrogram.session.session - INFO - PingTask started
2026-01-29 10:59:51,478 - pyrogram.session.session - INFO - PingTask stopped
2026-01-29 10:59:51,479 - pyrogram.session.session - INFO - NetworkTask stopped
2026-01-29 10:59:51,479 - pyrogram.connection.connection - INFO - Disconnected
2026-01-29 10:59:51,479 - pyrogram.session.session - INFO - Session stopped
2026-01-29 10:59:51,496 - pyrogram.connection.connection - INFO - Connecting...
2026-01-29 10:59:51,577 - pyrogram.connection.connection - INFO - Connected! Production DC4 (media) - IPv4
2026-01-29 10:59:51,578 - pyrogram.session.session - INFO - NetworkTask started
2026-01-29 10:59:51,962 - pyrogram.session.session - INFO - Session initialized: Layer 158
2026-01-29 10:59:51,963 - pyrogram.session.session - INFO - Device: CPython 3.12.10 - Pyrogram 2.0.106
2026-01-29 10:59:51,963 - pyrogram.session.session - INFO - System: Windows 11 (en)
2026-01-29 10:59:51,964 - pyrogram.session.session - INFO - Session started
2026-01-29 10:59:51,964 - pyrogram.session.session - INFO - PingTask started
2026-01-29 11:00:04,471 - pyrogram.session.session - INFO - PingTask stopped
2026-01-29 11:00:04,475 - pyrogram.session.session - INFO - NetworkTask stopped
2026-01-29 11:00:04,479 - pyrogram.connection.connection - INFO - Disconnected
2026-01-29 11:00:04,480 - pyrogram.session.session - INFO - Session stopped
2026-01-29 11:00:04,494 - pyrogram.connection.connection - INFO - Connecting...
2026-01-29 11:00:04,576 - pyrogram.connection.connection - INFO - Connected! Production DC4 (media) - IPv4
2026-01-29 11:00:04,578 - pyrogram.session.session - INFO - NetworkTask started
2026-01-29 11:00:04,697 - __main__ - INFO - Uploaded: forest blowjob on an old fallen tree by a shy teenage girl.mp4
2026-01-29 11:00:04,730 - __main__ - INFO - 🗑️ Deleted original file: C:\Users\omer\Downloads\JDownloader\forest blowjob on an old fallen tree by a shy teenage girl.mp4
2026-01-29 11:00:04,739 - jd_client - INFO - 🗑️ Removed 1 links from JDownloader
2026-01-29 11:00:04,740 - __main__ - INFO - 🗑️ Removed link 1769676934042 from JD
2026-01-29 11:00:05,002 - pyrogram.session.session - INFO - Session initialized: Layer 158
2026-01-29 11:00:05,003 - pyrogram.session.session - INFO - Device: CPython 3.12.10 - Pyrogram 2.0.106
2026-01-29 11:00:05,003 - pyrogram.session.session - INFO - System: Windows 11 (en)
2026-01-29 11:00:05,003 - pyrogram.session.session - INFO - Session started
2026-01-29 11:00:05,003 - pyrogram.session.session - INFO - PingTask started
2026-01-29 11:00:05,099 - pyrogram.session.session - INFO - PingTask stopped
2026-01-29 11:00:05,099 - pyrogram.session.session - INFO - NetworkTask stopped
2026-01-29 11:00:05,101 - pyrogram.connection.connection - INFO - Disconnected
2026-01-29 11:00:05,101 - pyrogram.session.session - INFO - Session stopped
2026-01-29 11:00:05,109 - pyrogram.connection.connection - INFO - Connecting...
2026-01-29 11:00:05,193 - pyrogram.connection.connection - INFO - Connected! Production DC4 (media) - IPv4
2026-01-29 11:00:05,194 - pyrogram.session.session - INFO - NetworkTask started
2026-01-29 11:00:05,621 - pyrogram.session.session - INFO - Session initialized: Layer 158
2026-01-29 11:00:05,621 - pyrogram.session.session - INFO - Device: CPython 3.12.10 - Pyrogram 2.0.106
2026-01-29 11:00:05,623 - pyrogram.session.session - INFO - System: Windows 11 (en)
2026-01-29 11:00:05,623 - pyrogram.session.session - INFO - Session started
2026-01-29 11:00:05,625 - pyrogram.session.session - INFO - PingTask started
2026-01-29 11:00:12,753 - pyrogram.session.session - INFO - PingTask stopped
2026-01-29 11:00:12,754 - pyrogram.session.session - INFO - NetworkTask stopped
2026-01-29 11:00:12,754 - pyrogram.connection.connection - INFO - Disconnected
2026-01-29 11:00:12,754 - pyrogram.session.session - INFO - Session stopped
2026-01-29 11:00:12,755 - __main__ - ERROR - Failed to upload part cuckold s kitchen surprise blonde milf s wild ride.mp4: [Errno 2] No such file or directory: 'C:\\Users\\omer\\Downloads\\JDownloader\\cuckold s kitchen surprise blonde milf s wild ride.mp4'
2026-01-29 11:00:12,757 - __main__ - ERROR - Upload error for C:\Users\omer\Downloads\JDownloader\cuckold s kitchen surprise blonde milf s wild ride.mp4: [Errno 2] No such file or directory: 'C:\\Users\\omer\\Downloads\\JDownloader\\cuckold s kitchen surprise blonde milf s wild ride.mp4'
2026-01-29 11:00:12,916 - __main__ - INFO - Uploaded: a passionate beauty with a big ass enjoys the hard cock of her lustful masseur.mp4
2026-01-29 11:00:12,935 - __main__ - INFO - 🗑️ Deleted original file: C:\Users\omer\Downloads\JDownloader\a passionate beauty with a big ass enjoys the hard cock of her lustful masseur.mp4
2026-01-29 11:00:12,948 - jd_client - INFO - 🗑️ Removed 1 links from JDownloader
2026-01-29 11:00:12,951 - __main__ - INFO - 🗑️ Removed link 1769676902054 from JD
2026-01-29 11:01:19,546 - pyrogram.connection.connection - INFO - Connecting...
2026-01-29 11:01:19,636 - pyrogram.connection.connection - INFO - Connected! Production DC4 - IPv4
2026-01-29 11:01:19,639 - pyrogram.session.session - INFO - NetworkTask started
2026-01-29 11:01:19,945 - pyrogram.connection.connection - INFO - Connecting...
2026-01-29 11:01:20,031 - pyrogram.connection.connection - INFO - Connected! Production DC4 - IPv4
2026-01-29 11:01:20,031 - pyrogram.session.session - INFO - NetworkTask started
2026-01-29 11:01:20,235 - pyrogram.session.session - INFO - Session initialized: Layer 158
2026-01-29 11:01:20,235 - pyrogram.session.session - INFO - Device: CPython 3.12.10 - Pyrogram 2.0.106
2026-01-29 11:01:20,236 - pyrogram.session.session - INFO - System: Windows 11 (en)
2026-01-29 11:01:20,236 - pyrogram.session.session - INFO - Session started
2026-01-29 11:01:20,240 - pyrogram.session.session - INFO - PingTask started
2026-01-29 11:01:20,451 - pyrogram.dispatcher - INFO - Started 16 HandlerTasks
2026-01-29 11:01:20,639 - pyrogram.session.session - INFO - Session initialized: Layer 158
2026-01-29 11:01:20,640 - pyrogram.session.session - INFO - Device: CPython 3.12.10 - Pyrogram 2.0.106
2026-01-29 11:01:20,641 - pyrogram.session.session - INFO - System: Windows 11 (en)
2026-01-29 11:01:20,642 - pyrogram.session.session - INFO - Session started
2026-01-29 11:01:20,648 - pyrogram.session.session - INFO - PingTask started
2026-01-29 11:01:21,402 - pyrogram.dispatcher - INFO - Started 16 HandlerTasks
2026-01-29 11:01:41,944 - jd_client - INFO - 🔌 Connecting to My.JDownloader...
2026-01-29 11:01:45,228 - jd_client - INFO - ✅ Connected to device: JDownloader@omer
2026-01-29 11:01:45,712 - jd_client - INFO - 🧹 LinkGrabber cleared
2026-01-29 11:01:45,713 - jd_client - INFO - 📥 Adding to LinkGrabber: https://eporner.dgav14.com/video-1WgpGOU0fEg/submi... (Deep: False)
2026-01-29 11:01:45,741 - jd_client - INFO - ✅ Link added to LinkGrabber
2026-01-29 11:02:33,114 - jd_client - INFO - 📡 Manually calling linkgrabberv2/abort...
2026-01-29 11:02:33,115 - jd_client - WARNING - Standard abort failed, trying fallback: 'Myjdapi' object has no attribute 'app'
2026-01-29 11:02:33,115 - jd_client - ERROR - ❌ Action failed: 'Jddevice' object has no attribute 'request'
2026-01-29 11:02:36,282 - __main__ - WARNING - LinkGrabber still collecting after abort.
2026-01-29 11:02:39,316 - jd_client - INFO - ✅ Moved links to Downloads
2026-01-29 11:02:39,344 - jd_client - INFO - ▶️ Downloads started
2026-01-29 11:02:39,353 - jd_client - INFO - 🧹 LinkGrabber cleared
2026-01-29 11:07:08,339 - jd_client - INFO - 🗑️ Removed 27 links from JDownloader
